implementation/InjectableMedicinesGuide/app/build/proguard/release/seeds.txt
com.fewstera.injectablemedicinesguide.R$style: int AppBaseTheme
com.fewstera.injectablemedicinesguide.R$style: int AppTheme
com.fewstera.injectablemedicinesguide.R$style: int AppTheme_BlueActionBar
com.fewstera.injectablemedicinesguide.R$style: int AppTheme_BlueActionBar_Text
com.fewstera.injectablemedicinesguide.R$style: int ButtonBar
com.fewstera.injectablemedicinesguide.R$style: int ButtonBarButton
com.fewstera.injectablemedicinesguide.R$style: int FullscreenActionBarStyle
com.fewstera.injectablemedicinesguide.R$style: int FullscreenTheme
com.fewstera.injectablemedicinesguide.R$style: int TextAppearance_AppCompat_Base_CompactMenu_Dialog
com.fewstera.injectablemedicinesguide.R$style: int TextAppearance_AppCompat_Base_SearchResult
com.fewstera.injectablemedicinesguide.R$style: int TextAppearance_AppCompat_Base_SearchResult_Subtitle
com.fewstera.injectablemedicinesguide.R$style: int TextAppearance_AppCompat_Base_SearchResult_Title
com.fewstera.injectablemedicinesguide.R$style: int TextAppearance_AppCompat_Base_Widget_PopupMenu_Large
com.fewstera.injectablemedicinesguide.R$style: int TextAppearance_AppCompat_Base_Widget_PopupMenu_Small
com.fewstera.injectablemedicinesguide.R$style: int TextAppearance_AppCompat_Light_Base_SearchResult
com.fewstera.injectablemedicinesguide.R$style: int TextAppearance_AppCompat_Light_Base_SearchResult_Subtitle
com.fewstera.injectablemedicinesguide.R$style: int TextAppearance_AppCompat_Light_Base_SearchResult_Title
com.fewstera.injectablemedicinesguide.R$styleable: int[] ActionBar
com.fewstera.injectablemedicinesguide.R$styleable: int ActionBar_background
com.fewstera.injectablemedicinesguide.R$styleable: int ActionBar_backgroundSplit
com.fewstera.injectablemedicinesguide.R$styleable: int ActionBar_backgroundStacked
com.fewstera.injectablemedicinesguide.R$styleable: int ActionBar_customNavigationLayout
com.fewstera.injectablemedicinesguide.R$styleable: int ActionBar_displayOptions
com.fewstera.injectablemedicinesguide.R$styleable: int ActionBar_divider
com.fewstera.injectablemedicinesguide.R$styleable: int ActionBar_height
com.fewstera.injectablemedicinesguide.R$styleable: int ActionBar_homeLayout
com.fewstera.injectablemedicinesguide.R$styleable: int ActionBar_icon
com.fewstera.injectablemedicinesguide.R$styleable: int ActionBar_indeterminateProgressStyle
com.fewstera.injectablemedicinesguide.R$styleable: int ActionBar_itemPadding
com.fewstera.injectablemedicinesguide.R$styleable: int ActionBar_logo
com.fewstera.injectablemedicinesguide.R$styleable: int ActionBar_navigationMode
com.fewstera.injectablemedicinesguide.R$styleable: int ActionBar_progressBarPadding
com.fewstera.injectablemedicinesguide.R$styleable: int ActionBar_progressBarStyle
com.fewstera.injectablemedicinesguide.R$styleable: int ActionBar_subtitle
com.fewstera.injectablemedicinesguide.R$styleable: int ActionBar_subtitleTextStyle
com.fewstera.injectablemedicinesguide.R$styleable: int ActionBar_title
com.fewstera.injectablemedicinesguide.SplashActivity
com.fewstera.injectablemedicinesguide.SplashActivity: SplashActivity()
com.fewstera.injectablemedicinesguide.ViewDrugActivity
com.fewstera.injectablemedicinesguide.ViewDrugActivity: ViewDrugActivity()
com.fewstera.injectablemedicinesguide.ViewDrugActivity: void openCalcClick(android.view.View)
com.fewstera.injectablemedicinesguide.ViewDrugActivity: void onInfoClicked(android.view.View)
com.fewstera.injectablemedicinesguide.dataDownload.DownloadService
com.fewstera.injectablemedicinesguide.dataDownload.DownloadService: DownloadService()
com.octo.android.robospice.SpiceService: SpiceService()
com.octo.android.robospice.UncachedSpiceService: UncachedSpiceService()
com.octo.android.robospice.request.listener.RequestStatus: com.octo.android.robospice.request.listener.RequestStatus[] values()
com.octo.android.robospice.request.listener.RequestStatus: com.octo.android.robospice.request.listener.RequestStatus valueOf(java.lang.String)