implementation/InjectableMedicinesGuide/app/build/proguard/release/mapping.txt
com.fewstera.injectablemedicinesguide.CalculateActivity -> com.fewstera.injectablemedicinesguide.CalculateActivity:
    com.fewstera.injectablemedicinesguide.models.Drug _drug -> a
    com.fewstera.injectablemedicinesguide.database.DatabaseHelper _db -> b
    com.fewstera.injectablemedicinesguide.Calculator _calculator -> c
    com.fewstera.injectablemedicinesguide.models.DrugCalculatorInfo _calculatorInfo -> d
    int _calcType -> e
    java.text.DecimalFormat _twoDp -> f
    void onCreate(android.os.Bundle) -> onCreate
    void setupUI() -> b
    void loadHeaderText() -> c
    void showRequiredValues() -> d
    void updateCalculationtype() -> e
    void showWeight() -> f
    void showTime() -> g
    void toggleDose(boolean) -> a
    void toggleInfusionRate(boolean) -> b
    void loadCalcTypeSpinner() -> h
    void calculateClick(android.view.View) -> calculateClick
    double getDoubleFromEditText(int) -> a
    void validateAndSubmit() -> i
    void warnAboutWeight() -> j
    void submitCalculation() -> k
    java.lang.String getIRCalcHtml(double) -> a
    java.lang.String getDosCalcHtml(double) -> b
    void displayToast(java.lang.String) -> a
    void onItemSelected(android.widget.AdapterView,android.view.View,int,long) -> onItemSelected
    void onNothingSelected(android.widget.AdapterView) -> onNothingSelected
    boolean onOptionsItemSelected(android.view.MenuItem) -> onOptionsItemSelected
com.fewstera.injectablemedicinesguide.CalculateActivity$1 -> com.fewstera.injectablemedicinesguide.f:
    com.fewstera.injectablemedicinesguide.CalculateActivity this$0 -> a
    void onClick(android.content.DialogInterface,int) -> onClick
com.fewstera.injectablemedicinesguide.Calculator -> com.fewstera.injectablemedicinesguide.g:
    com.fewstera.injectablemedicinesguide.models.DrugCalculatorInfo _calculatorInfo -> a
    double _concentration -> b
    double _dose -> c
    double _infusionRate -> d
    double _weight -> e
    double _time -> f
    int _calculationType -> g
    void setType(int) -> a
    void setConcentration(double) -> a
    void setDose(double) -> b
    void setInfusionRate(double) -> c
    void setWeight(double) -> d
    void setTime(double) -> e
    double getConcentration() -> a
    double getDose() -> b
    double getInfusionRate() -> c
    double getWeight() -> d
    double getTime() -> e
    int validate(boolean) -> a
    double calculate() -> f
    double calculateInfusionRate(double) -> f
    double calculateDose(double) -> g
    boolean isWeightValid() -> g
    boolean warnWeight() -> h
    boolean isTimeValid() -> i
    boolean isDoseValid() -> j
    boolean isIRValid() -> k
    boolean isConcentrationValid() -> l
com.fewstera.injectablemedicinesguide.CommonActivity -> com.fewstera.injectablemedicinesguide.h:
    boolean onCreateOptionsMenu(android.view.Menu) -> onCreateOptionsMenu
    void displayAbout() -> a
    boolean onOptionsItemSelected(android.view.MenuItem) -> onOptionsItemSelected